<?xml version="1.0" encoding="UTF-8"?>
<testng-results ignored="0" total="1" passed="1" failed="0" skipped="0">
  <reporter-output>
  </reporter-output>
  <suite started-at="2021-11-30T19:36:50 IST" name="Suite" finished-at="2021-11-30T19:36:56 IST" duration-ms="5870">
    <groups>
    </groups>
    <test started-at="2021-11-30T19:36:50 IST" name="TestNG" finished-at="2021-11-30T19:36:56 IST" duration-ms="5870">
      <class name="module.TestModule_01">
        <test-method signature="Test_01()[pri:0, instance:module.TestModule_01@28f3b248]" started-at="2021-11-30T19:36:50 IST" name="Test_01" finished-at="2021-11-30T19:36:56 IST" duration-ms="5792" status="PASS">
          <reporter-output>
          </reporter-output>
        </test-method> <!-- Test_01 -->
      </class> <!-- module.TestModule_01 -->
    </test> <!-- TestNG -->
  </suite> <!-- Suite -->
</testng-results>
